Test Report from Terminal:

PS C:\Users\victo\tasks> git push --set-upstream origin solved-functions
Enumerating objects: 18, done.
Counting objects: 100% (18/18), done.
Delta compression using up to 8 threads
Compressing objects: 100% (9/9), done.
Browserslist: caniuse-lite is outdated. Please run:
  npx browserslist@latest --update-db
  Why you should do it regularly: https://github.com/browserslist/browserslist#browsers-data-updating
Browserslist: caniuse-lite is outdated. Please run:
  npx browserslist@latest --update-db
  Why you should do it regularly: https://github.com/browserslist/browserslist#browsers-data-updating
Browserslist: caniuse-lite is outdated. Please run:
  npx browserslist@latest --update-db
  Why you should do it regularly: https://github.com/browserslist/browserslist#browsers-data-updating
Browserslist: caniuse-lite is outdated. Please run:
  npx browserslist@latest --update-db
  Why you should do it regularly: https://github.com/browserslist/browserslist#browsers-data-updating
 PASS  src/functions.test.ts
 PASS  src/text.test.tsx
 PASS  src/App.test.tsx
 PASS  src/HtmlCss.test.tsx
---|---------|----------|---------|---------|-------------------
... | % Stmts | % Branch | % Funcs | % Lines | Uncovered Line #s 
---|---------|----------|---------|---------|-------------------
... |     100 |      100 |     100 |     100 |                   
 ... |     100 |      100 |     100 |     100 |                   
 ... |     100 |      100 |     100 |     100 |                 
 
---|---------|----------|---------|---------|-------------------

Test Suites: 4 passed, 4 total
Tests:       14 passed, 14 total
Snapshots:   0 total
Time:        3.77 s
Ran all test suites.
